<?xml version="1.0" encoding="UTF-8"?>
<!-- Generated by org.testng.reporters.JUnitReportReporter -->
<testsuite skipped="0" hostname="MUNTASIR-PC" name="TestNG.LoginTest" tests="1" failures="0" timestamp="2022-02-14T19:22:36 BDT" time="4.978" errors="0">
  <testcase name="TC_001" time="4.978" classname="TestNG.LoginTest"/>
  <system-out/>
</testsuite> <!-- TestNG.LoginTest -->
